<?xml version="1.0" encoding="UTF-8"?>
<testsuite name="PhoneCompanyTest" tests="1" skipped="0" failures="0" errors="0" timestamp="2023-11-19T13:52:59" hostname="fedora" time="0.004">
  <properties/>
  <testcase name="testSolution" classname="PhoneCompanyTest" time="0.004"/>
  <system-out><![CDATA[]]></system-out>
  <system-err><![CDATA[]]></system-err>
</testsuite>
