<?xml version="1.0" encoding="UTF-8"?>
<testsuite name="PhoneCompanyTest" tests="1" skipped="0" failures="0" errors="0" timestamp="2023-11-20T07:45:26" hostname="Yevgeniys-MacBook-Air.local" time="0.003">
  <properties/>
  <testcase name="testSolution" classname="PhoneCompanyTest" time="0.003"/>
  <system-out><![CDATA[]]></system-out>
  <system-err><![CDATA[]]></system-err>
</testsuite>
